<?xml version="1.0" encoding="UTF-8"?>
<!-- Generated by org.testng.reporters.JUnitReportReporter -->
<testsuite ignored="0" hostname="DESKTOP-73A37NL" failures="0" tests="1" name="com.cx.MyFirstAppium.AndroidBrowserTest" time="43.534" errors="0" timestamp="30 May 2020 18:55:30 GMT" skipped="0">
  <testcase classname="com.cx.MyFirstAppium.AndroidBrowserTest" name="testcase01" time="43.534"/>
</testsuite> <!-- com.cx.MyFirstAppium.AndroidBrowserTest -->
